<?xml version="1.0" encoding="UTF-8"?>
<testng-results ignored="0" total="1" passed="1" failed="0" skipped="0">
  <reporter-output>
  </reporter-output>
  <suite started-at="2024-06-10T19:39:52 IST" name="Suite" finished-at="2024-06-10T19:40:00 IST" duration-ms="8305">
    <groups>
    </groups>
    <test started-at="2024-06-10T19:39:52 IST" name="EndToEndTest" finished-at="2024-06-10T19:40:00 IST" duration-ms="8305">
      <class name="com.saucelabs.testcase.EndToEndCheckoutFlowTest">
        <test-method is-config="true" signature="loadConfig()[pri:0, instance:com.saucelabs.testcase.EndToEndCheckoutFlowTest@10e92f8f]" started-at="2024-06-10T19:39:51 IST" name="loadConfig" finished-at="2024-06-10T19:39:52 IST" duration-ms="182" status="PASS">
          <reporter-output>
          </reporter-output>
        </test-method> <!-- loadConfig -->
        <test-method is-config="true" signature="setup()[pri:0, instance:com.saucelabs.testcase.EndToEndCheckoutFlowTest@10e92f8f]" started-at="2024-06-10T19:39:52 IST" name="setup" finished-at="2024-06-10T19:39:57 IST" duration-ms="5280" status="PASS">
          <reporter-output>
          </reporter-output>
        </test-method> <!-- setup -->
        <test-method signature="endToEndCheckoutFlowTest()[pri:0, instance:com.saucelabs.testcase.EndToEndCheckoutFlowTest@10e92f8f]" started-at="2024-06-10T19:39:57 IST" name="endToEndCheckoutFlowTest" finished-at="2024-06-10T19:40:00 IST" duration-ms="2762" status="PASS">
          <reporter-output>
          </reporter-output>
        </test-method> <!-- endToEndCheckoutFlowTest -->
        <test-method is-config="true" signature="tearDown()[pri:0, instance:com.saucelabs.testcase.EndToEndCheckoutFlowTest@10e92f8f]" started-at="2024-06-10T19:40:00 IST" name="tearDown" finished-at="2024-06-10T19:40:00 IST" duration-ms="235" status="PASS">
          <reporter-output>
          </reporter-output>
        </test-method> <!-- tearDown -->
        <test-method is-config="true" signature="afterSuite()[pri:0, instance:com.saucelabs.testcase.EndToEndCheckoutFlowTest@10e92f8f]" started-at="2024-06-10T19:40:01 IST" name="afterSuite" finished-at="2024-06-10T19:40:01 IST" duration-ms="241" status="PASS">
          <reporter-output>
          </reporter-output>
        </test-method> <!-- afterSuite -->
      </class> <!-- com.saucelabs.testcase.EndToEndCheckoutFlowTest -->
    </test> <!-- EndToEndTest -->
  </suite> <!-- Suite -->
</testng-results>
